/u/s/i/sinclair/courses/cs552/spring2020/handouts/testprograms/public/rand_ldst/ldld.asm SUCCESS CPI:8.2 CYCLES:475 ICOUNT:58 IHITRATE: 97.3 DHITRATE: 72.7
/u/s/i/sinclair/courses/cs552/spring2020/handouts/testprograms/public/rand_ldst/ldld_rand_large.asm SUCCESS CPI:6.6 CYCLES:6841 ICOUNT:1035 IHITRATE: 99.8 DHITRATE: 96.8
/u/s/i/sinclair/courses/cs552/spring2020/handouts/testprograms/public/rand_ldst/ldld_rand_large_1.asm SUCCESS CPI:6.5 CYCLES:6775 ICOUNT:1035 IHITRATE: 99.8 DHITRATE: 98.1
/u/s/i/sinclair/courses/cs552/spring2020/handouts/testprograms/public/rand_ldst/ldld_rand_large_2.asm SUCCESS CPI:6.5 CYCLES:6700 ICOUNT:1035 IHITRATE: 99.8 DHITRATE: 99.5
/u/s/i/sinclair/courses/cs552/spring2020/handouts/testprograms/public/rand_ldst/ldld_rand_large_3.asm SUCCESS CPI:6.5 CYCLES:6757 ICOUNT:1035 IHITRATE: 99.8 DHITRATE: 98.4
/u/s/i/sinclair/courses/cs552/spring2020/handouts/testprograms/public/rand_ldst/ldld_rand_large_4.asm SUCCESS CPI:6.6 CYCLES:6829 ICOUNT:1035 IHITRATE: 99.8 DHITRATE: 97.1
/u/s/i/sinclair/courses/cs552/spring2020/handouts/testprograms/public/rand_ldst/ldld_rand_large_5.asm SUCCESS CPI:6.6 CYCLES:6841 ICOUNT:1035 IHITRATE: 99.8 DHITRATE: 96.8
/u/s/i/sinclair/courses/cs552/spring2020/handouts/testprograms/public/rand_ldst/ldld_rand_large_6.asm SUCCESS CPI:6.6 CYCLES:6835 ICOUNT:1035 IHITRATE: 99.8 DHITRATE: 96.9
/u/s/i/sinclair/courses/cs552/spring2020/handouts/testprograms/public/rand_ldst/ldld_rand_large_7.asm SUCCESS CPI:6.6 CYCLES:6871 ICOUNT:1035 IHITRATE: 99.8 DHITRATE: 96.3
/u/s/i/sinclair/courses/cs552/spring2020/handouts/testprograms/public/rand_ldst/ldld_rand_large_8.asm SUCCESS CPI:6.6 CYCLES:6781 ICOUNT:1035 IHITRATE: 99.8 DHITRATE: 98.0
/u/s/i/sinclair/courses/cs552/spring2020/handouts/testprograms/public/rand_ldst/ldld_rand_large_9.asm SUCCESS CPI:6.5 CYCLES:6769 ICOUNT:1035 IHITRATE: 99.8 DHITRATE: 98.2
/u/s/i/sinclair/courses/cs552/spring2020/handouts/testprograms/public/rand_ldst/ldld_rand_small.asm SUCCESS CPI:6.6 CYCLES:6841 ICOUNT:1035 IHITRATE: 99.8 DHITRATE: 96.8
/u/s/i/sinclair/courses/cs552/spring2020/handouts/testprograms/public/rand_ldst/ldld_rand_small_1.asm SUCCESS CPI:6.5 CYCLES:6775 ICOUNT:1035 IHITRATE: 99.8 DHITRATE: 98.1
/u/s/i/sinclair/courses/cs552/spring2020/handouts/testprograms/public/rand_ldst/ldld_rand_small_2.asm SUCCESS CPI:6.5 CYCLES:6700 ICOUNT:1035 IHITRATE: 99.8 DHITRATE: 99.5
/u/s/i/sinclair/courses/cs552/spring2020/handouts/testprograms/public/rand_ldst/ldld_rand_small_3.asm SUCCESS CPI:6.5 CYCLES:6757 ICOUNT:1035 IHITRATE: 99.8 DHITRATE: 98.4
/u/s/i/sinclair/courses/cs552/spring2020/handouts/testprograms/public/rand_ldst/ldld_rand_small_4.asm SUCCESS CPI:6.6 CYCLES:6829 ICOUNT:1035 IHITRATE: 99.8 DHITRATE: 97.1
/u/s/i/sinclair/courses/cs552/spring2020/handouts/testprograms/public/rand_ldst/ldld_rand_small_5.asm SUCCESS CPI:6.6 CYCLES:6841 ICOUNT:1035 IHITRATE: 99.8 DHITRATE: 96.8
/u/s/i/sinclair/courses/cs552/spring2020/handouts/testprograms/public/rand_ldst/ldld_rand_small_6.asm SUCCESS CPI:6.6 CYCLES:6835 ICOUNT:1035 IHITRATE: 99.8 DHITRATE: 96.9
/u/s/i/sinclair/courses/cs552/spring2020/handouts/testprograms/public/rand_ldst/ldld_rand_small_7.asm SUCCESS CPI:6.6 CYCLES:6871 ICOUNT:1035 IHITRATE: 99.8 DHITRATE: 96.3
/u/s/i/sinclair/courses/cs552/spring2020/handouts/testprograms/public/rand_ldst/ldld_rand_small_8.asm SUCCESS CPI:6.6 CYCLES:6781 ICOUNT:1035 IHITRATE: 99.8 DHITRATE: 98.0
/u/s/i/sinclair/courses/cs552/spring2020/handouts/testprograms/public/rand_ldst/ldld_rand_small_9.asm SUCCESS CPI:6.5 CYCLES:6769 ICOUNT:1035 IHITRATE: 99.8 DHITRATE: 98.2
/u/s/i/sinclair/courses/cs552/spring2020/handouts/testprograms/public/rand_ldst/ldst.asm SUCCESS CPI:7.2 CYCLES:739 ICOUNT:102 IHITRATE: 97.9 DHITRATE: 86.4
/u/s/i/sinclair/courses/cs552/spring2020/handouts/testprograms/public/rand_ldst/ldst_rand_large.asm SUCCESS CPI:14.3 CYCLES:43 ICOUNT:3 IHITRATE: 77.8 DHITRATE: 0.0
/u/s/i/sinclair/courses/cs552/spring2020/handouts/testprograms/public/rand_ldst/ldst_rand_large_1.asm SUCCESS CPI:14.3 CYCLES:43 ICOUNT:3 IHITRATE: 77.8 DHITRATE: 0.0
/u/s/i/sinclair/courses/cs552/spring2020/handouts/testprograms/public/rand_ldst/ldst_rand_large_2.asm SUCCESS CPI:14.3 CYCLES:43 ICOUNT:3 IHITRATE: 77.8 DHITRATE: 0.0
/u/s/i/sinclair/courses/cs552/spring2020/handouts/testprograms/public/rand_ldst/ldst_rand_large_3.asm SUCCESS CPI:14.3 CYCLES:43 ICOUNT:3 IHITRATE: 77.8 DHITRATE: 0.0
/u/s/i/sinclair/courses/cs552/spring2020/handouts/testprograms/public/rand_ldst/ldst_rand_large_4.asm SUCCESS CPI:14.3 CYCLES:43 ICOUNT:3 IHITRATE: 77.8 DHITRATE: 0.0
/u/s/i/sinclair/courses/cs552/spring2020/handouts/testprograms/public/rand_ldst/ldst_rand_large_5.asm SUCCESS CPI:14.3 CYCLES:43 ICOUNT:3 IHITRATE: 77.8 DHITRATE: 0.0
/u/s/i/sinclair/courses/cs552/spring2020/handouts/testprograms/public/rand_ldst/ldst_rand_large_6.asm SUCCESS CPI:14.3 CYCLES:43 ICOUNT:3 IHITRATE: 77.8 DHITRATE: 0.0
/u/s/i/sinclair/courses/cs552/spring2020/handouts/testprograms/public/rand_ldst/ldst_rand_large_7.asm SUCCESS CPI:14.3 CYCLES:43 ICOUNT:3 IHITRATE: 77.8 DHITRATE: 0.0
/u/s/i/sinclair/courses/cs552/spring2020/handouts/testprograms/public/rand_ldst/ldst_rand_large_8.asm SUCCESS CPI:14.3 CYCLES:43 ICOUNT:3 IHITRATE: 77.8 DHITRATE: 0.0
/u/s/i/sinclair/courses/cs552/spring2020/handouts/testprograms/public/rand_ldst/ldst_rand_large_9.asm SUCCESS CPI:14.3 CYCLES:43 ICOUNT:3 IHITRATE: 77.8 DHITRATE: 0.0
/u/s/i/sinclair/courses/cs552/spring2020/handouts/testprograms/public/rand_ldst/ldst_rand_small.asm SUCCESS CPI:14.3 CYCLES:43 ICOUNT:3 IHITRATE: 77.8 DHITRATE: 0.0
/u/s/i/sinclair/courses/cs552/spring2020/handouts/testprograms/public/rand_ldst/ldst_rand_small_1.asm SUCCESS CPI:14.3 CYCLES:43 ICOUNT:3 IHITRATE: 77.8 DHITRATE: 0.0
/u/s/i/sinclair/courses/cs552/spring2020/handouts/testprograms/public/rand_ldst/ldst_rand_small_2.asm SUCCESS CPI:14.3 CYCLES:43 ICOUNT:3 IHITRATE: 77.8 DHITRATE: 0.0
/u/s/i/sinclair/courses/cs552/spring2020/handouts/testprograms/public/rand_ldst/ldst_rand_small_3.asm SUCCESS CPI:14.3 CYCLES:43 ICOUNT:3 IHITRATE: 77.8 DHITRATE: 0.0
/u/s/i/sinclair/courses/cs552/spring2020/handouts/testprograms/public/rand_ldst/ldst_rand_small_4.asm SUCCESS CPI:14.3 CYCLES:43 ICOUNT:3 IHITRATE: 77.8 DHITRATE: 0.0
/u/s/i/sinclair/courses/cs552/spring2020/handouts/testprograms/public/rand_ldst/ldst_rand_small_5.asm SUCCESS CPI:14.3 CYCLES:43 ICOUNT:3 IHITRATE: 77.8 DHITRATE: 0.0
/u/s/i/sinclair/courses/cs552/spring2020/handouts/testprograms/public/rand_ldst/ldst_rand_small_6.asm SUCCESS CPI:14.3 CYCLES:43 ICOUNT:3 IHITRATE: 77.8 DHITRATE: 0.0
/u/s/i/sinclair/courses/cs552/spring2020/handouts/testprograms/public/rand_ldst/ldst_rand_small_7.asm SUCCESS CPI:14.3 CYCLES:43 ICOUNT:3 IHITRATE: 77.8 DHITRATE: 0.0
/u/s/i/sinclair/courses/cs552/spring2020/handouts/testprograms/public/rand_ldst/ldst_rand_small_8.asm SUCCESS CPI:14.3 CYCLES:43 ICOUNT:3 IHITRATE: 77.8 DHITRATE: 0.0
/u/s/i/sinclair/courses/cs552/spring2020/handouts/testprograms/public/rand_ldst/ldst_rand_small_9.asm SUCCESS CPI:14.3 CYCLES:43 ICOUNT:3 IHITRATE: 77.8 DHITRATE: 0.0
/u/s/i/sinclair/courses/cs552/spring2020/handouts/testprograms/public/rand_ldst/rpt_ld_test_0.asm SUCCESS CPI:7.6 CYCLES:76 ICOUNT:10 IHITRATE: 83.3 DHITRATE: 85.7
/u/s/i/sinclair/courses/cs552/spring2020/handouts/testprograms/public/rand_ldst/rpt_ld_test_1.asm SUCCESS CPI:12.1 CYCLES:85 ICOUNT:7 IHITRATE: 78.9 DHITRATE: 75.0
/u/s/i/sinclair/courses/cs552/spring2020/handouts/testprograms/public/rand_ldst/rpt_reg_test_0.asm SUCCESS CPI:5.8 CYCLES:52 ICOUNT:9 IHITRATE: 70.0 DHITRATE: 0
/u/s/i/sinclair/courses/cs552/spring2020/handouts/testprograms/public/rand_ldst/rpt_reg_test_1.asm SUCCESS CPI:10.0 CYCLES:70 ICOUNT:7 IHITRATE: 71.4 DHITRATE: 0
/u/s/i/sinclair/courses/cs552/spring2020/handouts/testprograms/public/rand_ldst/rpt_st_test_0.asm SUCCESS CPI:8.5 CYCLES:85 ICOUNT:10 IHITRATE: 85.7 DHITRATE: 0.0
/u/s/i/sinclair/courses/cs552/spring2020/handouts/testprograms/public/rand_ldst/rpt_st_test_1.asm SUCCESS CPI:12.6 CYCLES:88 ICOUNT:7 IHITRATE: 80.0 DHITRATE: 0.0
