/u/s/i/sinclair/courses/cs552/spring2020/handouts/testprograms/public/rand_final/ldld_rand_large.asm SUCCESS CPI:6.6 CYCLES:6841 ICOUNT:1035 IHITRATE: 99.8 DHITRATE: 96.8
/u/s/i/sinclair/courses/cs552/spring2020/handouts/testprograms/public/rand_final/ldld_rand_small.asm SUCCESS CPI:6.6 CYCLES:6841 ICOUNT:1035 IHITRATE: 99.8 DHITRATE: 96.8
/u/s/i/sinclair/courses/cs552/spring2020/handouts/testprograms/public/rand_final/ldst_rand_large.asm SUCCESS CPI:14.3 CYCLES:43 ICOUNT:3 IHITRATE: 77.8 DHITRATE: 0.0
/u/s/i/sinclair/courses/cs552/spring2020/handouts/testprograms/public/rand_final/ldst_rand_small.asm SUCCESS CPI:14.3 CYCLES:43 ICOUNT:3 IHITRATE: 77.8 DHITRATE: 0.0
/u/s/i/sinclair/courses/cs552/spring2020/handouts/testprograms/public/rand_final/t_100_all.asm SUCCESS CPI:6.6 CYCLES:2221 ICOUNT:334 IHITRATE: 70.9 DHITRATE: 48.1
/u/s/i/sinclair/courses/cs552/spring2020/handouts/testprograms/public/rand_final/t_100_ctrl.asm SUCCESS CPI:6.5 CYCLES:3040 ICOUNT:467 IHITRATE: 70.2 DHITRATE: 56.4
/u/s/i/sinclair/courses/cs552/spring2020/handouts/testprograms/public/rand_final/t_100_icache.asm SUCCESS CPI:35.1 CYCLES:421 ICOUNT:12 IHITRATE: 43.1 DHITRATE: 0
/u/s/i/sinclair/courses/cs552/spring2020/handouts/testprograms/public/rand_final/t_100_idcache.asm SUCCESS CPI:11.4 CYCLES:889 ICOUNT:78 IHITRATE: 67.6 DHITRATE: 17.4
/u/s/i/sinclair/courses/cs552/spring2020/handouts/testprograms/public/rand_final/t_100_mem.asm SUCCESS CPI:9.5 CYCLES:6412 ICOUNT:675 IHITRATE: 84.2 DHITRATE: 80.5
/u/s/i/sinclair/courses/cs552/spring2020/handouts/testprograms/public/rand_final/t_101_all.asm SUCCESS CPI:6.4 CYCLES:2863 ICOUNT:449 IHITRATE: 72.3 DHITRATE: 59.5
/u/s/i/sinclair/courses/cs552/spring2020/handouts/testprograms/public/rand_final/t_101_ctrl.asm SUCCESS CPI:6.1 CYCLES:3343 ICOUNT:544 IHITRATE: 72.8 DHITRATE: 71.9
/u/s/i/sinclair/courses/cs552/spring2020/handouts/testprograms/public/rand_final/t_101_icache.asm SUCCESS CPI:8.4 CYCLES:496 ICOUNT:59 IHITRATE: 64.6 DHITRATE: 0
/u/s/i/sinclair/courses/cs552/spring2020/handouts/testprograms/public/rand_final/t_101_idcache.asm SUCCESS CPI:11.8 CYCLES:853 ICOUNT:72 IHITRATE: 70.1 DHITRATE: 20.0
/u/s/i/sinclair/courses/cs552/spring2020/handouts/testprograms/public/rand_final/t_101_mem.asm SUCCESS CPI:9.5 CYCLES:6421 ICOUNT:677 IHITRATE: 84.3 DHITRATE: 80.0
/u/s/i/sinclair/courses/cs552/spring2020/handouts/testprograms/public/rand_final/t_102_all.asm SUCCESS CPI:6.5 CYCLES:2359 ICOUNT:365 IHITRATE: 71.7 DHITRATE: 61.3
/u/s/i/sinclair/courses/cs552/spring2020/handouts/testprograms/public/rand_final/t_102_ctrl.asm SUCCESS CPI:6.6 CYCLES:3022 ICOUNT:457 IHITRATE: 70.4 DHITRATE: 55.9
/u/s/i/sinclair/courses/cs552/spring2020/handouts/testprograms/public/rand_final/t_102_icache.asm SUCCESS CPI:49.3 CYCLES:592 ICOUNT:12 IHITRATE: 42.9 DHITRATE: 0
/u/s/i/sinclair/courses/cs552/spring2020/handouts/testprograms/public/rand_final/t_102_idcache.asm SUCCESS CPI:12.6 CYCLES:784 ICOUNT:62 IHITRATE: 64.2 DHITRATE: 35.3
/u/s/i/sinclair/courses/cs552/spring2020/handouts/testprograms/public/rand_final/t_102_mem.asm SUCCESS CPI:8.6 CYCLES:5914 ICOUNT:684 IHITRATE: 83.1 DHITRATE: 88.8
/u/s/i/sinclair/courses/cs552/spring2020/handouts/testprograms/public/rand_final/t_103_all.asm SUCCESS CPI:6.0 CYCLES:2740 ICOUNT:453 IHITRATE: 71.1 DHITRATE: 38.5
/u/s/i/sinclair/courses/cs552/spring2020/handouts/testprograms/public/rand_final/t_103_ctrl.asm SUCCESS CPI:6.3 CYCLES:3544 ICOUNT:561 IHITRATE: 72.5 DHITRATE: 64.4
/u/s/i/sinclair/courses/cs552/spring2020/handouts/testprograms/public/rand_final/t_103_icache.asm SUCCESS CPI:38.8 CYCLES:505 ICOUNT:13 IHITRATE: 41.6 DHITRATE: 0
/u/s/i/sinclair/courses/cs552/spring2020/handouts/testprograms/public/rand_final/t_103_idcache.asm SUCCESS CPI:7.4 CYCLES:1024 ICOUNT:139 IHITRATE: 70.4 DHITRATE: 35.7
/u/s/i/sinclair/courses/cs552/spring2020/handouts/testprograms/public/rand_final/t_103_mem.asm SUCCESS CPI:9.0 CYCLES:6085 ICOUNT:674 IHITRATE: 83.3 DHITRATE: 90.6
/u/s/i/sinclair/courses/cs552/spring2020/handouts/testprograms/public/rand_final/t_104_all.asm SUCCESS CPI:6.1 CYCLES:2800 ICOUNT:456 IHITRATE: 72.3 DHITRATE: 55.6
/u/s/i/sinclair/courses/cs552/spring2020/handouts/testprograms/public/rand_final/t_104_ctrl.asm SUCCESS CPI:6.1 CYCLES:3427 ICOUNT:559 IHITRATE: 72.1 DHITRATE: 60.4
/u/s/i/sinclair/courses/cs552/spring2020/handouts/testprograms/public/rand_final/t_104_icache.asm SUCCESS CPI:10.5 CYCLES:502 ICOUNT:48 IHITRATE: 57.8 DHITRATE: 0
/u/s/i/sinclair/courses/cs552/spring2020/handouts/testprograms/public/rand_final/t_104_idcache.asm SUCCESS CPI:9.6 CYCLES:787 ICOUNT:82 IHITRATE: 64.7 DHITRATE: 10.0
/u/s/i/sinclair/courses/cs552/spring2020/handouts/testprograms/public/rand_final/t_104_mem.asm SUCCESS CPI:8.9 CYCLES:5998 ICOUNT:676 IHITRATE: 83.0 DHITRATE: 90.8
/u/s/i/sinclair/courses/cs552/spring2020/handouts/testprograms/public/rand_final/t_105_all.asm SUCCESS CPI:6.3 CYCLES:2851 ICOUNT:453 IHITRATE: 72.3 DHITRATE: 57.1
/u/s/i/sinclair/courses/cs552/spring2020/handouts/testprograms/public/rand_final/t_105_ctrl.asm SUCCESS CPI:6.2 CYCLES:3283 ICOUNT:527 IHITRATE: 72.0 DHITRATE: 54.5
/u/s/i/sinclair/courses/cs552/spring2020/handouts/testprograms/public/rand_final/t_105_icache.asm SUCCESS CPI:13.6 CYCLES:556 ICOUNT:41 IHITRATE: 54.2 DHITRATE: 0
/u/s/i/sinclair/courses/cs552/spring2020/handouts/testprograms/public/rand_final/t_105_idcache.asm SUCCESS CPI:11.3 CYCLES:883 ICOUNT:78 IHITRATE: 63.3 DHITRATE: 8.3
/u/s/i/sinclair/courses/cs552/spring2020/handouts/testprograms/public/rand_final/t_105_mem.asm SUCCESS CPI:8.9 CYCLES:6040 ICOUNT:681 IHITRATE: 83.2 DHITRATE: 89.9
/u/s/i/sinclair/courses/cs552/spring2020/handouts/testprograms/public/rand_final/t_106_all.asm SUCCESS CPI:6.3 CYCLES:2986 ICOUNT:472 IHITRATE: 70.6 DHITRATE: 51.2
/u/s/i/sinclair/courses/cs552/spring2020/handouts/testprograms/public/rand_final/t_106_ctrl.asm SUCCESS CPI:6.4 CYCLES:3334 ICOUNT:517 IHITRATE: 70.9 DHITRATE: 61.4
/u/s/i/sinclair/courses/cs552/spring2020/handouts/testprograms/public/rand_final/t_106_icache.asm SUCCESS CPI:41.5 CYCLES:499 ICOUNT:12 IHITRATE: 44.9 DHITRATE: 0
/u/s/i/sinclair/courses/cs552/spring2020/handouts/testprograms/public/rand_final/t_106_idcache.asm SUCCESS CPI:8.3 CYCLES:1021 ICOUNT:123 IHITRATE: 67.3 DHITRATE: 14.3
/u/s/i/sinclair/courses/cs552/spring2020/handouts/testprograms/public/rand_final/t_106_mem.asm SUCCESS CPI:9.3 CYCLES:6304 ICOUNT:676 IHITRATE: 84.0 DHITRATE: 84.4
/u/s/i/sinclair/courses/cs552/spring2020/handouts/testprograms/public/rand_final/t_107_all.asm SUCCESS CPI:6.2 CYCLES:2647 ICOUNT:428 IHITRATE: 71.8 DHITRATE: 56.2
/u/s/i/sinclair/courses/cs552/spring2020/handouts/testprograms/public/rand_final/t_107_ctrl.asm SUCCESS CPI:6.2 CYCLES:3526 ICOUNT:565 IHITRATE: 72.5 DHITRATE: 45.9
/u/s/i/sinclair/courses/cs552/spring2020/handouts/testprograms/public/rand_final/t_107_icache.asm SUCCESS CPI:13.6 CYCLES:517 ICOUNT:38 IHITRATE: 60.0 DHITRATE: 0
/u/s/i/sinclair/courses/cs552/spring2020/handouts/testprograms/public/rand_final/t_107_idcache.asm SUCCESS CPI:8.5 CYCLES:754 ICOUNT:89 IHITRATE: 64.4 DHITRATE: 0.0
/u/s/i/sinclair/courses/cs552/spring2020/handouts/testprograms/public/rand_final/t_107_mem.asm SUCCESS CPI:9.0 CYCLES:6034 ICOUNT:672 IHITRATE: 83.3 DHITRATE: 87.8
/u/s/i/sinclair/courses/cs552/spring2020/handouts/testprograms/public/rand_final/t_108_all.asm SUCCESS CPI:5.9 CYCLES:2758 ICOUNT:464 IHITRATE: 72.5 DHITRATE: 62.2
/u/s/i/sinclair/courses/cs552/spring2020/handouts/testprograms/public/rand_final/t_108_ctrl.asm SUCCESS CPI:6.2 CYCLES:3274 ICOUNT:524 IHITRATE: 71.2 DHITRATE: 55.8
/u/s/i/sinclair/courses/cs552/spring2020/handouts/testprograms/public/rand_final/t_108_icache.asm SUCCESS CPI:10.3 CYCLES:442 ICOUNT:43 IHITRATE: 61.0 DHITRATE: 0
/u/s/i/sinclair/courses/cs552/spring2020/handouts/testprograms/public/rand_final/t_108_idcache.asm SUCCESS CPI:12.0 CYCLES:586 ICOUNT:49 IHITRATE: 60.2 DHITRATE: 0.0
/u/s/i/sinclair/courses/cs552/spring2020/handouts/testprograms/public/rand_final/t_108_mem.asm SUCCESS CPI:9.2 CYCLES:6325 ICOUNT:689 IHITRATE: 83.9 DHITRATE: 80.0
/u/s/i/sinclair/courses/cs552/spring2020/handouts/testprograms/public/rand_final/t_109_all.asm SUCCESS CPI:6.6 CYCLES:2227 ICOUNT:339 IHITRATE: 71.9 DHITRATE: 53.3
/u/s/i/sinclair/courses/cs552/spring2020/handouts/testprograms/public/rand_final/t_109_ctrl.asm SUCCESS CPI:6.3 CYCLES:3502 ICOUNT:555 IHITRATE: 71.6 DHITRATE: 77.1
/u/s/i/sinclair/courses/cs552/spring2020/handouts/testprograms/public/rand_final/t_109_icache.asm SUCCESS CPI:9.0 CYCLES:793 ICOUNT:88 IHITRATE: 61.7 DHITRATE: 0
/u/s/i/sinclair/courses/cs552/spring2020/handouts/testprograms/public/rand_final/t_109_idcache.asm SUCCESS CPI:10.9 CYCLES:1039 ICOUNT:95 IHITRATE: 67.5 DHITRATE: 13.0
/u/s/i/sinclair/courses/cs552/spring2020/handouts/testprograms/public/rand_final/t_109_mem.asm SUCCESS CPI:9.3 CYCLES:6220 ICOUNT:667 IHITRATE: 83.7 DHITRATE: 88.7
/u/s/i/sinclair/courses/cs552/spring2020/handouts/testprograms/public/rand_final/t_10_mem.asm SUCCESS CPI:8.6 CYCLES:5887 ICOUNT:684 IHITRATE: 83.0 DHITRATE: 85.8
/u/s/i/sinclair/courses/cs552/spring2020/handouts/testprograms/public/rand_final/t_110_all.asm SUCCESS CPI:6.1 CYCLES:2779 ICOUNT:457 IHITRATE: 71.5 DHITRATE: 82.1
/u/s/i/sinclair/courses/cs552/spring2020/handouts/testprograms/public/rand_final/t_110_ctrl.asm SUCCESS CPI:6.5 CYCLES:3208 ICOUNT:494 IHITRATE: 71.2 DHITRATE: 40.0
/u/s/i/sinclair/courses/cs552/spring2020/handouts/testprograms/public/rand_final/t_110_icache.asm SUCCESS CPI:9.2 CYCLES:637 ICOUNT:69 IHITRATE: 61.0 DHITRATE: 0
/u/s/i/sinclair/courses/cs552/spring2020/handouts/testprograms/public/rand_final/t_110_idcache.asm SUCCESS CPI:7.9 CYCLES:1168 ICOUNT:147 IHITRATE: 69.2 DHITRATE: 17.6
/u/s/i/sinclair/courses/cs552/spring2020/handouts/testprograms/public/rand_final/t_110_mem.asm SUCCESS CPI:8.8 CYCLES:6031 ICOUNT:687 IHITRATE: 83.3 DHITRATE: 87.8
/u/s/i/sinclair/courses/cs552/spring2020/handouts/testprograms/public/rand_final/t_111_all.asm SUCCESS CPI:6.6 CYCLES:2632 ICOUNT:396 IHITRATE: 70.7 DHITRATE: 71.1
/u/s/i/sinclair/courses/cs552/spring2020/handouts/testprograms/public/rand_final/t_111_ctrl.asm SUCCESS CPI:6.0 CYCLES:3430 ICOUNT:576 IHITRATE: 72.6 DHITRATE: 65.3
/u/s/i/sinclair/courses/cs552/spring2020/handouts/testprograms/public/rand_final/t_111_icache.asm SUCCESS CPI:32.2 CYCLES:484 ICOUNT:15 IHITRATE: 44.0 DHITRATE: 0
/u/s/i/sinclair/courses/cs552/spring2020/handouts/testprograms/public/rand_final/t_111_idcache.asm SUCCESS CPI:9.3 CYCLES:892 ICOUNT:96 IHITRATE: 68.7 DHITRATE: 6.7
/u/s/i/sinclair/courses/cs552/spring2020/handouts/testprograms/public/rand_final/t_111_mem.asm SUCCESS CPI:9.3 CYCLES:6349 ICOUNT:685 IHITRATE: 84.2 DHITRATE: 80.6
/u/s/i/sinclair/courses/cs552/spring2020/handouts/testprograms/public/rand_final/t_112_all.asm SUCCESS CPI:6.5 CYCLES:2437 ICOUNT:375 IHITRATE: 71.6 DHITRATE: 31.0
/u/s/i/sinclair/courses/cs552/spring2020/handouts/testprograms/public/rand_final/t_112_ctrl.asm SUCCESS CPI:6.1 CYCLES:3361 ICOUNT:550 IHITRATE: 71.5 DHITRATE: 63.4
/u/s/i/sinclair/courses/cs552/spring2020/handouts/testprograms/public/rand_final/t_112_icache.asm SUCCESS CPI:8.1 CYCLES:487 ICOUNT:60 IHITRATE: 63.4 DHITRATE: 0
/u/s/i/sinclair/courses/cs552/spring2020/handouts/testprograms/public/rand_final/t_112_idcache.asm SUCCESS CPI:11.1 CYCLES:757 ICOUNT:68 IHITRATE: 70.1 DHITRATE: 15.0
/u/s/i/sinclair/courses/cs552/spring2020/handouts/testprograms/public/rand_final/t_112_mem.asm SUCCESS CPI:9.3 CYCLES:6232 ICOUNT:673 IHITRATE: 83.6 DHITRATE: 92.3
/u/s/i/sinclair/courses/cs552/spring2020/handouts/testprograms/public/rand_final/t_113_all.asm SUCCESS CPI:6.4 CYCLES:2218 ICOUNT:347 IHITRATE: 72.2 DHITRATE: 60.0
/u/s/i/sinclair/courses/cs552/spring2020/handouts/testprograms/public/rand_final/t_113_ctrl.asm SUCCESS CPI:6.6 CYCLES:3328 ICOUNT:503 IHITRATE: 72.0 DHITRATE: 57.1
/u/s/i/sinclair/courses/cs552/spring2020/handouts/testprograms/public/rand_final/t_113_icache.asm SUCCESS CPI:14.6 CYCLES:790 ICOUNT:54 IHITRATE: 52.2 DHITRATE: 0
/u/s/i/sinclair/courses/cs552/spring2020/handouts/testprograms/public/rand_final/t_113_idcache.asm SUCCESS CPI:7.9 CYCLES:1102 ICOUNT:139 IHITRATE: 66.8 DHITRATE: 6.7
/u/s/i/sinclair/courses/cs552/spring2020/handouts/testprograms/public/rand_final/t_113_mem.asm SUCCESS CPI:8.9 CYCLES:6133 ICOUNT:691 IHITRATE: 83.5 DHITRATE: 83.5
/u/s/i/sinclair/courses/cs552/spring2020/handouts/testprograms/public/rand_final/t_114_all.asm SUCCESS CPI:5.6 CYCLES:3382 ICOUNT:605 IHITRATE: 73.3 DHITRATE: 65.0
/u/s/i/sinclair/courses/cs552/spring2020/handouts/testprograms/public/rand_final/t_114_ctrl.asm SUCCESS CPI:5.9 CYCLES:3802 ICOUNT:646 IHITRATE: 72.8 DHITRATE: 71.4
/u/s/i/sinclair/courses/cs552/spring2020/handouts/testprograms/public/rand_final/t_114_icache.asm SUCCESS CPI:14.4 CYCLES:562 ICOUNT:39 IHITRATE: 56.6 DHITRATE: 0
/u/s/i/sinclair/courses/cs552/spring2020/handouts/testprograms/public/rand_final/t_114_idcache.asm SUCCESS CPI:8.6 CYCLES:898 ICOUNT:105 IHITRATE: 68.1 DHITRATE: 9.1
/u/s/i/sinclair/courses/cs552/spring2020/handouts/testprograms/public/rand_final/t_114_mem.asm SUCCESS CPI:8.9 CYCLES:6160 ICOUNT:695 IHITRATE: 83.5 DHITRATE: 83.9
/u/s/i/sinclair/courses/cs552/spring2020/handouts/testprograms/public/rand_final/t_115_all.asm SUCCESS CPI:6.2 CYCLES:2800 ICOUNT:455 IHITRATE: 71.8 DHITRATE: 61.1
/u/s/i/sinclair/courses/cs552/spring2020/handouts/testprograms/public/rand_final/t_115_ctrl.asm SUCCESS CPI:6.4 CYCLES:3304 ICOUNT:516 IHITRATE: 71.8 DHITRATE: 66.7
/u/s/i/sinclair/courses/cs552/spring2020/handouts/testprograms/public/rand_final/t_115_icache.asm SUCCESS CPI:14.7 CYCLES:442 ICOUNT:30 IHITRATE: 56.4 DHITRATE: 0
/u/s/i/sinclair/courses/cs552/spring2020/handouts/testprograms/public/rand_final/t_115_idcache.asm SUCCESS CPI:10.8 CYCLES:745 ICOUNT:69 IHITRATE: 66.0 DHITRATE: 6.2
/u/s/i/sinclair/courses/cs552/spring2020/handouts/testprograms/public/rand_final/t_115_mem.asm SUCCESS CPI:9.1 CYCLES:6034 ICOUNT:661 IHITRATE: 83.3 DHITRATE: 89.4
/u/s/i/sinclair/courses/cs552/spring2020/handouts/testprograms/public/rand_final/t_116_all.asm SUCCESS CPI:5.8 CYCLES:3388 ICOUNT:587 IHITRATE: 73.0 DHITRATE: 70.5
/u/s/i/sinclair/courses/cs552/spring2020/handouts/testprograms/public/rand_final/t_116_ctrl.asm SUCCESS CPI:5.7 CYCLES:3637 ICOUNT:636 IHITRATE: 73.4 DHITRATE: 64.5
/u/s/i/sinclair/courses/cs552/spring2020/handouts/testprograms/public/rand_final/t_116_icache.asm SUCCESS CPI:47.7 CYCLES:430 ICOUNT:9 IHITRATE: 39.1 DHITRATE: 0
/u/s/i/sinclair/courses/cs552/spring2020/handouts/testprograms/public/rand_final/t_116_idcache.asm SUCCESS CPI:8.5 CYCLES:1105 ICOUNT:130 IHITRATE: 65.3 DHITRATE: 43.8
/u/s/i/sinclair/courses/cs552/spring2020/handouts/testprograms/public/rand_final/t_116_mem.asm SUCCESS CPI:8.9 CYCLES:5986 ICOUNT:673 IHITRATE: 83.5 DHITRATE: 79.4
/u/s/i/sinclair/courses/cs552/spring2020/handouts/testprograms/public/rand_final/t_117_all.asm SUCCESS CPI:6.2 CYCLES:2941 ICOUNT:475 IHITRATE: 72.7 DHITRATE: 51.1
/u/s/i/sinclair/courses/cs552/spring2020/handouts/testprograms/public/rand_final/t_117_ctrl.asm SUCCESS CPI:6.3 CYCLES:3445 ICOUNT:551 IHITRATE: 72.8 DHITRATE: 60.9
/u/s/i/sinclair/courses/cs552/spring2020/handouts/testprograms/public/rand_final/t_117_icache.asm SUCCESS CPI:19.3 CYCLES:445 ICOUNT:23 IHITRATE: 53.9 DHITRATE: 0
/u/s/i/sinclair/courses/cs552/spring2020/handouts/testprograms/public/rand_final/t_117_idcache.asm SUCCESS CPI:12.4 CYCLES:1168 ICOUNT:94 IHITRATE: 64.9 DHITRATE: 18.5
/u/s/i/sinclair/courses/cs552/spring2020/handouts/testprograms/public/rand_final/t_117_mem.asm SUCCESS CPI:9.0 CYCLES:6184 ICOUNT:689 IHITRATE: 83.5 DHITRATE: 85.5
/u/s/i/sinclair/courses/cs552/spring2020/handouts/testprograms/public/rand_final/t_118_all.asm SUCCESS CPI:6.0 CYCLES:3199 ICOUNT:531 IHITRATE: 72.3 DHITRATE: 61.7
/u/s/i/sinclair/courses/cs552/spring2020/handouts/testprograms/public/rand_final/t_118_ctrl.asm SUCCESS CPI:6.3 CYCLES:3316 ICOUNT:525 IHITRATE: 72.0 DHITRATE: 45.7
/u/s/i/sinclair/courses/cs552/spring2020/handouts/testprograms/public/rand_final/t_118_icache.asm SUCCESS CPI:24.9 CYCLES:349 ICOUNT:14 IHITRATE: 52.5 DHITRATE: 0
/u/s/i/sinclair/courses/cs552/spring2020/handouts/testprograms/public/rand_final/t_118_idcache.asm SUCCESS CPI:11.0 CYCLES:889 ICOUNT:81 IHITRATE: 63.7 DHITRATE: 20.0
/u/s/i/sinclair/courses/cs552/spring2020/handouts/testprograms/public/rand_final/t_118_mem.asm SUCCESS CPI:9.3 CYCLES:6139 ICOUNT:660 IHITRATE: 83.6 DHITRATE: 86.3
/u/s/i/sinclair/courses/cs552/spring2020/handouts/testprograms/public/rand_final/t_119_all.asm SUCCESS CPI:6.1 CYCLES:2599 ICOUNT:427 IHITRATE: 72.6 DHITRATE: 58.3
/u/s/i/sinclair/courses/cs552/spring2020/handouts/testprograms/public/rand_final/t_119_ctrl.asm SUCCESS CPI:6.0 CYCLES:3475 ICOUNT:575 IHITRATE: 72.7 DHITRATE: 55.3
/u/s/i/sinclair/courses/cs552/spring2020/handouts/testprograms/public/rand_final/t_119_icache.asm SUCCESS CPI:9.8 CYCLES:499 ICOUNT:51 IHITRATE: 55.2 DHITRATE: 0
/u/s/i/sinclair/courses/cs552/spring2020/handouts/testprograms/public/rand_final/t_119_idcache.asm SUCCESS CPI:9.0 CYCLES:709 ICOUNT:79 IHITRATE: 71.1 DHITRATE: 12.5
/u/s/i/sinclair/courses/cs552/spring2020/handouts/testprograms/public/rand_final/t_119_mem.asm SUCCESS CPI:9.2 CYCLES:6274 ICOUNT:681 IHITRATE: 83.9 DHITRATE: 83.3
/u/s/i/sinclair/courses/cs552/spring2020/handouts/testprograms/public/rand_final/t_11_mem.asm SUCCESS CPI:9.1 CYCLES:6172 ICOUNT:681 IHITRATE: 83.5 DHITRATE: 85.2
/u/s/i/sinclair/courses/cs552/spring2020/handouts/testprograms/public/rand_final/t_120_all.asm SUCCESS CPI:6.6 CYCLES:2596 ICOUNT:395 IHITRATE: 70.6 DHITRATE: 69.2
/u/s/i/sinclair/courses/cs552/spring2020/handouts/testprograms/public/rand_final/t_120_ctrl.asm SUCCESS CPI:6.1 CYCLES:3412 ICOUNT:560 IHITRATE: 72.6 DHITRATE: 38.5
/u/s/i/sinclair/courses/cs552/spring2020/handouts/testprograms/public/rand_final/t_120_icache.asm SUCCESS CPI:8.4 CYCLES:772 ICOUNT:92 IHITRATE: 61.1 DHITRATE: 0
/u/s/i/sinclair/courses/cs552/spring2020/handouts/testprograms/public/rand_final/t_120_idcache.asm SUCCESS CPI:9.2 CYCLES:1012 ICOUNT:110 IHITRATE: 66.0 DHITRATE: 7.1
/u/s/i/sinclair/courses/cs552/spring2020/handouts/testprograms/public/rand_final/t_120_mem.asm SUCCESS CPI:8.9 CYCLES:6058 ICOUNT:677 IHITRATE: 83.1 DHITRATE: 87.2
/u/s/i/sinclair/courses/cs552/spring2020/handouts/testprograms/public/rand_final/t_121_all.asm SUCCESS CPI:6.7 CYCLES:2200 ICOUNT:327 IHITRATE: 70.8 DHITRATE: 56.5
/u/s/i/sinclair/courses/cs552/spring2020/handouts/testprograms/public/rand_final/t_122_all.asm SUCCESS CPI:6.4 CYCLES:2155 ICOUNT:335 IHITRATE: 71.9 DHITRATE: 61.5
/u/s/i/sinclair/courses/cs552/spring2020/handouts/testprograms/public/rand_final/t_123_all.asm SUCCESS CPI:6.1 CYCLES:3139 ICOUNT:515 IHITRATE: 71.9 DHITRATE: 42.1
/u/s/i/sinclair/courses/cs552/spring2020/handouts/testprograms/public/rand_final/t_124_all.asm SUCCESS CPI:6.0 CYCLES:2209 ICOUNT:371 IHITRATE: 73.0 DHITRATE: 46.2
/u/s/i/sinclair/courses/cs552/spring2020/handouts/testprograms/public/rand_final/t_125_all.asm SUCCESS CPI:6.2 CYCLES:3211 ICOUNT:514 IHITRATE: 72.6 DHITRATE: 50.0
/u/s/i/sinclair/courses/cs552/spring2020/handouts/testprograms/public/rand_final/t_126_all.asm SUCCESS CPI:5.8 CYCLES:3619 ICOUNT:623 IHITRATE: 73.4 DHITRATE: 53.5
/u/s/i/sinclair/courses/cs552/spring2020/handouts/testprograms/public/rand_final/t_127_all.asm SUCCESS CPI:6.0 CYCLES:2854 ICOUNT:473 IHITRATE: 72.1 DHITRATE: 54.5
/u/s/i/sinclair/courses/cs552/spring2020/handouts/testprograms/public/rand_final/t_128_all.asm SUCCESS CPI:6.5 CYCLES:2851 ICOUNT:440 IHITRATE: 71.0 DHITRATE: 35.5
/u/s/i/sinclair/courses/cs552/spring2020/handouts/testprograms/public/rand_final/t_129_all.asm SUCCESS CPI:6.2 CYCLES:2773 ICOUNT:450 IHITRATE: 72.7 DHITRATE: 62.5
/u/s/i/sinclair/courses/cs552/spring2020/handouts/testprograms/public/rand_final/t_12_mem.asm SUCCESS CPI:9.4 CYCLES:6127 ICOUNT:655 IHITRATE: 83.5 DHITRATE: 92.2
/u/s/i/sinclair/courses/cs552/spring2020/handouts/testprograms/public/rand_final/t_130_all.asm SUCCESS CPI:5.8 CYCLES:3697 ICOUNT:642 IHITRATE: 74.3 DHITRATE: 67.3
/u/s/i/sinclair/courses/cs552/spring2020/handouts/testprograms/public/rand_final/t_131_all.asm SUCCESS CPI:5.9 CYCLES:3340 ICOUNT:570 IHITRATE: 72.8 DHITRATE: 74.1
/u/s/i/sinclair/courses/cs552/spring2020/handouts/testprograms/public/rand_final/t_132_all.asm SUCCESS CPI:5.9 CYCLES:2902 ICOUNT:489 IHITRATE: 72.8 DHITRATE: 50.0
/u/s/i/sinclair/courses/cs552/spring2020/handouts/testprograms/public/rand_final/t_133_all.asm SUCCESS CPI:5.9 CYCLES:2734 ICOUNT:462 IHITRATE: 73.9 DHITRATE: 46.2
/u/s/i/sinclair/courses/cs552/spring2020/handouts/testprograms/public/rand_final/t_134_all.asm SUCCESS CPI:5.9 CYCLES:2923 ICOUNT:495 IHITRATE: 74.1 DHITRATE: 59.1
/u/s/i/sinclair/courses/cs552/spring2020/handouts/testprograms/public/rand_final/t_135_all.asm SUCCESS CPI:5.8 CYCLES:3643 ICOUNT:625 IHITRATE: 73.7 DHITRATE: 57.7
/u/s/i/sinclair/courses/cs552/spring2020/handouts/testprograms/public/rand_final/t_136_all.asm SUCCESS CPI:6.2 CYCLES:2698 ICOUNT:433 IHITRATE: 71.5 DHITRATE: 64.1
/u/s/i/sinclair/courses/cs552/spring2020/handouts/testprograms/public/rand_final/t_137_all.asm SUCCESS CPI:5.8 CYCLES:3235 ICOUNT:555 IHITRATE: 73.2 DHITRATE: 63.2
/u/s/i/sinclair/courses/cs552/spring2020/handouts/testprograms/public/rand_final/t_138_all.asm SUCCESS CPI:5.9 CYCLES:3745 ICOUNT:637 IHITRATE: 73.9 DHITRATE: 70.2
/u/s/i/sinclair/courses/cs552/spring2020/handouts/testprograms/public/rand_final/t_139_all.asm SUCCESS CPI:6.6 CYCLES:2500 ICOUNT:379 IHITRATE: 70.3 DHITRATE: 34.8
/u/s/i/sinclair/courses/cs552/spring2020/handouts/testprograms/public/rand_final/t_13_mem.asm SUCCESS CPI:9.0 CYCLES:6124 ICOUNT:683 IHITRATE: 83.4 DHITRATE: 92.4
/u/s/i/sinclair/courses/cs552/spring2020/handouts/testprograms/public/rand_final/t_140_all.asm SUCCESS CPI:6.1 CYCLES:2533 ICOUNT:418 IHITRATE: 71.8 DHITRATE: 35.5
/u/s/i/sinclair/courses/cs552/spring2020/handouts/testprograms/public/rand_final/t_141_all.asm SUCCESS CPI:5.7 CYCLES:2926 ICOUNT:511 IHITRATE: 73.7 DHITRATE: 64.4
/u/s/i/sinclair/courses/cs552/spring2020/handouts/testprograms/public/rand_final/t_142_all.asm SUCCESS CPI:6.1 CYCLES:2455 ICOUNT:404 IHITRATE: 73.0 DHITRATE: 56.7
/u/s/i/sinclair/courses/cs552/spring2020/handouts/testprograms/public/rand_final/t_143_all.asm SUCCESS CPI:5.8 CYCLES:3037 ICOUNT:526 IHITRATE: 73.3 DHITRATE: 52.9
/u/s/i/sinclair/courses/cs552/spring2020/handouts/testprograms/public/rand_final/t_144_all.asm SUCCESS CPI:6.5 CYCLES:2857 ICOUNT:442 IHITRATE: 70.0 DHITRATE: 36.7
/u/s/i/sinclair/courses/cs552/spring2020/handouts/testprograms/public/rand_final/t_145_all.asm SUCCESS CPI:6.0 CYCLES:2749 ICOUNT:456 IHITRATE: 72.6 DHITRATE: 50.0
/u/s/i/sinclair/courses/cs552/spring2020/handouts/testprograms/public/rand_final/t_146_all.asm SUCCESS CPI:5.9 CYCLES:3736 ICOUNT:630 IHITRATE: 74.1 DHITRATE: 57.9
/u/s/i/sinclair/courses/cs552/spring2020/handouts/testprograms/public/rand_final/t_147_all.asm SUCCESS CPI:6.0 CYCLES:2749 ICOUNT:458 IHITRATE: 72.1 DHITRATE: 70.0
/u/s/i/sinclair/courses/cs552/spring2020/handouts/testprograms/public/rand_final/t_148_all.asm SUCCESS CPI:6.1 CYCLES:2884 ICOUNT:471 IHITRATE: 73.3 DHITRATE: 39.0
/u/s/i/sinclair/courses/cs552/spring2020/handouts/testprograms/public/rand_final/t_149_all.asm SUCCESS CPI:5.9 CYCLES:2749 ICOUNT:465 IHITRATE: 73.4 DHITRATE: 21.4
/u/s/i/sinclair/courses/cs552/spring2020/handouts/testprograms/public/rand_final/t_14_mem.asm SUCCESS CPI:9.5 CYCLES:6232 ICOUNT:656 IHITRATE: 83.8 DHITRATE: 87.5
/u/s/i/sinclair/courses/cs552/spring2020/handouts/testprograms/public/rand_final/t_150_all.asm SUCCESS CPI:6.0 CYCLES:3139 ICOUNT:524 IHITRATE: 72.6 DHITRATE: 67.3
/u/s/i/sinclair/courses/cs552/spring2020/handouts/testprograms/public/rand_final/t_15_mem.asm SUCCESS CPI:8.9 CYCLES:6064 ICOUNT:681 IHITRATE: 83.2 DHITRATE: 89.3
/u/s/i/sinclair/courses/cs552/spring2020/handouts/testprograms/public/rand_final/t_16_mem.asm SUCCESS CPI:9.0 CYCLES:6004 ICOUNT:664 IHITRATE: 83.3 DHITRATE: 89.7
/u/s/i/sinclair/courses/cs552/spring2020/handouts/testprograms/public/rand_final/t_17_mem.asm SUCCESS CPI:8.7 CYCLES:6067 ICOUNT:701 IHITRATE: 83.0 DHITRATE: 89.6
/u/s/i/sinclair/courses/cs552/spring2020/handouts/testprograms/public/rand_final/t_18_mem.asm SUCCESS CPI:9.2 CYCLES:6262 ICOUNT:682 IHITRATE: 83.9 DHITRATE: 84.6
/u/s/i/sinclair/courses/cs552/spring2020/handouts/testprograms/public/rand_final/t_19_mem.asm SUCCESS CPI:9.0 CYCLES:6103 ICOUNT:679 IHITRATE: 83.4 DHITRATE: 87.2
